[0.084s] Invoking command in '/home/ubuntu/drone_ros2_ws/src/build/px4_msgs': CMAKE_PREFIX_PATH=/home/ubuntu/drone_ros2_ws/install/drone_control:/home/ubuntu/drone_ros2_ws/install/charging_station:/home/ubuntu/drone_ros2_ws/install/aruco_detection:/opt/ros/humble /usr/bin/cmake --build /home/ubuntu/drone_ros2_ws/src/build/px4_msgs -- -j4 -l4
[3.798s] [  0%] Built target ament_cmake_python_copy_px4_msgs
[3.927s] [  0%] Built target px4_msgs__cpp
[4.215s] [ 12%] Built target px4_msgs__rosidl_generator_c
[4.558s] [ 24%] Built target px4_msgs__rosidl_typesupport_cpp
[4.700s] [ 36%] Built target px4_msgs__rosidl_typesupport_fastrtps_cpp
[4.920s] [ 49%] Built target px4_msgs__rosidl_typesupport_introspection_cpp
[5.114s] [35m[1mConsolidate compiler generated dependencies of target px4_msgs__rosidl_typesupport_c[0m
[5.226s] [ 62%] Built target px4_msgs__rosidl_typesupport_introspection_c
[5.356s] [ 75%] Built target px4_msgs__rosidl_typesupport_fastrtps_c
[5.480s] [ 88%] Built target px4_msgs__rosidl_typesupport_c
[5.594s] running egg_info
[5.618s] [ 88%] Built target px4_msgs
[5.842s] [ 88%] [34m[1mGenerating Python code for ROS interfaces[0m
[5.846s] writing px4_msgs.egg-info/PKG-INFO
[5.849s] writing dependency_links to px4_msgs.egg-info/dependency_links.txt
[5.852s] writing top-level names to px4_msgs.egg-info/top_level.txt
[6.238s] reading manifest file 'px4_msgs.egg-info/SOURCES.txt'
[6.329s] Traceback (most recent call last):
[6.329s]   File "/home/ubuntu/drone_ros2_ws/src/build/px4_msgs/ament_cmake_python/px4_msgs/setup.py", line 4, in <module>
[6.331s]     setup(
[6.331s]   File "/home/ubuntu/.local/lib/python3.10/site-packages/setuptools/__init__.py", line 117, in setup
[6.332s]     return distutils.core.setup(**attrs)
[6.334s]   File "/home/ubuntu/.local/lib/python3.10/site-packages/setuptools/_distutils/core.py", line 183, in setup
[6.335s]     return run_commands(dist)
[6.336s]   File "/home/ubuntu/.local/lib/python3.10/site-packages/setuptools/_distutils/core.py", line 199, in run_commands
[6.336s]     dist.run_commands()
[6.337s]   File "/home/ubuntu/.local/lib/python3.10/site-packages/setuptools/_distutils/dist.py", line 954, in run_commands
[6.339s]     self.run_command(cmd)
[6.340s]   File "/home/ubuntu/.local/lib/python3.10/site-packages/setuptools/dist.py", line 950, in run_command
[6.342s]     super().run_command(command)
[6.343s]   File "/home/ubuntu/.local/lib/python3.10/site-packages/setuptools/_distutils/dist.py", line 973, in run_command
[6.344s]     cmd_obj.run()
[6.346s]   File "/home/ubuntu/.local/lib/python3.10/site-packages/setuptools/command/egg_info.py", line 311, in run
[6.347s]     self.find_sources()
[6.348s]   File "/home/ubuntu/.local/lib/python3.10/site-packages/setuptools/command/egg_info.py", line 319, in find_sources
[6.349s]     mm.run()
[6.352s]   File "/home/ubuntu/.local/lib/python3.10/site-packages/setuptools/command/egg_info.py", line 545, in run
[6.353s]     self.prune_file_list()
[6.355s]   File "/home/ubuntu/.local/lib/python3.10/site-packages/setuptools/command/sdist.py", line 161, in prune_file_list
[6.356s]     super().prune_file_list()
[6.357s]   File "/home/ubuntu/.local/lib/python3.10/site-packages/setuptools/_distutils/command/sdist.py", line 380, in prune_file_list
[6.358s]     base_dir = self.distribution.get_fullname()
[6.359s]   File "/home/ubuntu/.local/lib/python3.10/site-packages/setuptools/_core_metadata.py", line 267, in get_fullname
[6.361s]     return _distribution_fullname(self.get_name(), self.get_version())
[6.364s]   File "/home/ubuntu/.local/lib/python3.10/site-packages/setuptools/_core_metadata.py", line 285, in _distribution_fullname
[6.365s]     canonicalize_version(version, strip_trailing_zero=False),
[6.366s] TypeError: canonicalize_version() got an unexpected keyword argument 'strip_trailing_zero'
[6.504s] gmake[2]: *** [CMakeFiles/ament_cmake_python_build_px4_msgs_egg.dir/build.make:70: CMakeFiles/ament_cmake_python_build_px4_msgs_egg] Error 1
[6.506s] gmake[1]: *** [CMakeFiles/Makefile2:447: CMakeFiles/ament_cmake_python_build_px4_msgs_egg.dir/all] Error 2
[6.506s] gmake[1]: *** Waiting for unfinished jobs....
[372.851s] [ 88%] Built target px4_msgs__py
[372.856s] gmake: *** [Makefile:146: all] Error 2
[372.864s] Invoked command in '/home/ubuntu/drone_ros2_ws/src/build/px4_msgs' returned '2': CMAKE_PREFIX_PATH=/home/ubuntu/drone_ros2_ws/install/drone_control:/home/ubuntu/drone_ros2_ws/install/charging_station:/home/ubuntu/drone_ros2_ws/install/aruco_detection:/opt/ros/humble /usr/bin/cmake --build /home/ubuntu/drone_ros2_ws/src/build/px4_msgs -- -j4 -l4
