[0.064s] Invoking command in '/home/ubuntu/drone_ros2_ws/src/build/px4_msgs': CMAKE_PREFIX_PATH=/home/ubuntu/drone_ros2_ws/install/drone_control:/home/ubuntu/drone_ros2_ws/install/charging_station:/home/ubuntu/drone_ros2_ws/install/aruco_detection:/opt/ros/humble /usr/bin/cmake --build /home/ubuntu/drone_ros2_ws/src/build/px4_msgs -- -j4 -l4
[4.194s] [  0%] Built target px4_msgs__cpp
[4.449s] [ 12%] Built target px4_msgs__rosidl_generator_c
[4.749s] [ 12%] Built target ament_cmake_python_copy_px4_msgs
[4.765s] [ 24%] Built target px4_msgs__rosidl_typesupport_cpp
[4.969s] [ 36%] Built target px4_msgs__rosidl_typesupport_fastrtps_cpp
[5.141s] [ 49%] Built target px4_msgs__rosidl_typesupport_introspection_cpp
[5.272s] [ 62%] Built target px4_msgs__rosidl_typesupport_introspection_c
[5.339s] [ 75%] Built target px4_msgs__rosidl_typesupport_c
[5.483s] [ 88%] Built target px4_msgs__rosidl_typesupport_fastrtps_c
[5.609s] [ 88%] Built target px4_msgs
[5.804s] [ 88%] Built target px4_msgs__py
[6.057s] [35m[1mConsolidate compiler generated dependencies of target px4_msgs__rosidl_generator_py[0m
[6.591s] running egg_info
[6.695s] writing px4_msgs.egg-info/PKG-INFO
[6.698s] writing dependency_links to px4_msgs.egg-info/dependency_links.txt
[6.699s] writing top-level names to px4_msgs.egg-info/top_level.txt
[7.035s] reading manifest file 'px4_msgs.egg-info/SOURCES.txt'
[7.120s] Traceback (most recent call last):
[7.120s]   File "/home/ubuntu/drone_ros2_ws/src/build/px4_msgs/ament_cmake_python/px4_msgs/setup.py", line 4, in <module>
[7.122s]     setup(
[7.122s]   File "/home/ubuntu/.local/lib/python3.10/site-packages/setuptools/__init__.py", line 117, in setup
[7.124s]     return distutils.core.setup(**attrs)
[7.127s]   File "/home/ubuntu/.local/lib/python3.10/site-packages/setuptools/_distutils/core.py", line 183, in setup
[7.128s]     return run_commands(dist)
[7.129s]   File "/home/ubuntu/.local/lib/python3.10/site-packages/setuptools/_distutils/core.py", line 199, in run_commands
[7.130s]     dist.run_commands()
[7.131s]   File "/home/ubuntu/.local/lib/python3.10/site-packages/setuptools/_distutils/dist.py", line 954, in run_commands
[7.132s]     self.run_command(cmd)
[7.136s]   File "/home/ubuntu/.local/lib/python3.10/site-packages/setuptools/dist.py", line 950, in run_command
[7.138s]     super().run_command(command)
[7.139s]   File "/home/ubuntu/.local/lib/python3.10/site-packages/setuptools/_distutils/dist.py", line 973, in run_command
[7.139s]     cmd_obj.run()
[7.141s]   File "/home/ubuntu/.local/lib/python3.10/site-packages/setuptools/command/egg_info.py", line 311, in run
[7.142s]     self.find_sources()
[7.143s]   File "/home/ubuntu/.local/lib/python3.10/site-packages/setuptools/command/egg_info.py", line 319, in find_sources
[7.144s]     mm.run()
[7.145s]   File "/home/ubuntu/.local/lib/python3.10/site-packages/setuptools/command/egg_info.py", line 545, in run
[7.147s]     self.prune_file_list()
[7.148s]   File "/home/ubuntu/.local/lib/python3.10/site-packages/setuptools/command/sdist.py", line 161, in prune_file_list
[7.151s]     super().prune_file_list()
[7.152s]   File "/home/ubuntu/.local/lib/python3.10/site-packages/setuptools/_distutils/command/sdist.py", line 380, in prune_file_list
[7.153s]     base_dir = self.distribution.get_fullname()
[7.154s]   File "/home/ubuntu/.local/lib/python3.10/site-packages/setuptools/_core_metadata.py", line 267, in get_fullname
[7.155s]     return _distribution_fullname(self.get_name(), self.get_version())
[7.156s]   File "/home/ubuntu/.local/lib/python3.10/site-packages/setuptools/_core_metadata.py", line 285, in _distribution_fullname
[7.157s]     canonicalize_version(version, strip_trailing_zero=False),
[7.157s] TypeError: canonicalize_version() got an unexpected keyword argument 'strip_trailing_zero'
[7.306s] gmake[2]: *** [CMakeFiles/ament_cmake_python_build_px4_msgs_egg.dir/build.make:70: CMakeFiles/ament_cmake_python_build_px4_msgs_egg] Error 1
[7.307s] gmake[1]: *** [CMakeFiles/Makefile2:447: CMakeFiles/ament_cmake_python_build_px4_msgs_egg.dir/all] Error 2
[7.308s] gmake[1]: *** Waiting for unfinished jobs....
[7.512s] [100%] Built target px4_msgs__rosidl_generator_py
[7.518s] gmake: *** [Makefile:146: all] Error 2
[7.527s] Invoked command in '/home/ubuntu/drone_ros2_ws/src/build/px4_msgs' returned '2': CMAKE_PREFIX_PATH=/home/ubuntu/drone_ros2_ws/install/drone_control:/home/ubuntu/drone_ros2_ws/install/charging_station:/home/ubuntu/drone_ros2_ws/install/aruco_detection:/opt/ros/humble /usr/bin/cmake --build /home/ubuntu/drone_ros2_ws/src/build/px4_msgs -- -j4 -l4
