[0.079s] Invoking command in '/home/ubuntu/drone_ros2_ws/src/build/px4_msgs': CMAKE_PREFIX_PATH=/home/ubuntu/drone_ros2_ws/install/drone_control:/home/ubuntu/drone_ros2_ws/install/charging_station:/home/ubuntu/drone_ros2_ws/install/aruco_detection:/opt/ros/humble /usr/bin/cmake --build /home/ubuntu/drone_ros2_ws/src/build/px4_msgs -- -j4 -l4
[4.637s] [  0%] Built target px4_msgs__cpp
[4.974s] [ 12%] Built target px4_msgs__rosidl_generator_c
[5.327s] [ 24%] Built target px4_msgs__rosidl_typesupport_cpp
[5.554s] [ 24%] Built target ament_cmake_python_copy_px4_msgs
[5.650s] [ 36%] Built target px4_msgs__rosidl_typesupport_fastrtps_cpp
[5.871s] [ 49%] Built target px4_msgs__rosidl_typesupport_introspection_cpp
[6.085s] [ 74%] Built target px4_msgs__rosidl_typesupport_fastrtps_c
[6.094s] [ 75%] Built target px4_msgs__rosidl_typesupport_c
[6.215s] [ 88%] Built target px4_msgs__rosidl_typesupport_introspection_c
[6.332s] [ 88%] Built target px4_msgs
[6.533s] [ 88%] Built target px4_msgs__py
[7.161s] [100%] Built target px4_msgs__rosidl_generator_py
[7.343s] [100%] Built target px4_msgs__rosidl_typesupport_introspection_c__pyext
[7.359s] [100%] Built target px4_msgs__rosidl_typesupport_fastrtps_c__pyext
[7.395s] [100%] Built target px4_msgs__rosidl_typesupport_c__pyext
[7.535s] running egg_info
[7.626s] writing px4_msgs.egg-info/PKG-INFO
[7.628s] writing dependency_links to px4_msgs.egg-info/dependency_links.txt
[7.630s] writing top-level names to px4_msgs.egg-info/top_level.txt
[7.975s] reading manifest file 'px4_msgs.egg-info/SOURCES.txt'
[8.060s] Traceback (most recent call last):
[8.061s]   File "/home/ubuntu/drone_ros2_ws/src/build/px4_msgs/ament_cmake_python/px4_msgs/setup.py", line 4, in <module>
[8.062s]     setup(
[8.062s]   File "/home/ubuntu/.local/lib/python3.10/site-packages/setuptools/__init__.py", line 117, in setup
[8.062s]     return distutils.core.setup(**attrs)
[8.063s]   File "/home/ubuntu/.local/lib/python3.10/site-packages/setuptools/_distutils/core.py", line 183, in setup
[8.064s]     return run_commands(dist)
[8.064s]   File "/home/ubuntu/.local/lib/python3.10/site-packages/setuptools/_distutils/core.py", line 199, in run_commands
[8.065s]     dist.run_commands()
[8.065s]   File "/home/ubuntu/.local/lib/python3.10/site-packages/setuptools/_distutils/dist.py", line 954, in run_commands
[8.066s]     self.run_command(cmd)
[8.067s]   File "/home/ubuntu/.local/lib/python3.10/site-packages/setuptools/dist.py", line 950, in run_command
[8.067s]     super().run_command(command)
[8.068s]   File "/home/ubuntu/.local/lib/python3.10/site-packages/setuptools/_distutils/dist.py", line 973, in run_command
[8.068s]     cmd_obj.run()
[8.069s]   File "/home/ubuntu/.local/lib/python3.10/site-packages/setuptools/command/egg_info.py", line 311, in run
[8.070s]     self.find_sources()
[8.070s]   File "/home/ubuntu/.local/lib/python3.10/site-packages/setuptools/command/egg_info.py", line 319, in find_sources
[8.071s]     mm.run()
[8.072s]   File "/home/ubuntu/.local/lib/python3.10/site-packages/setuptools/command/egg_info.py", line 545, in run
[8.073s]     self.prune_file_list()
[8.074s]   File "/home/ubuntu/.local/lib/python3.10/site-packages/setuptools/command/sdist.py", line 161, in prune_file_list
[8.075s]     super().prune_file_list()
[8.076s]   File "/home/ubuntu/.local/lib/python3.10/site-packages/setuptools/_distutils/command/sdist.py", line 380, in prune_file_list
[8.077s]     base_dir = self.distribution.get_fullname()
[8.078s]   File "/home/ubuntu/.local/lib/python3.10/site-packages/setuptools/_core_metadata.py", line 267, in get_fullname
[8.080s]     return _distribution_fullname(self.get_name(), self.get_version())
[8.080s]   File "/home/ubuntu/.local/lib/python3.10/site-packages/setuptools/_core_metadata.py", line 285, in _distribution_fullname
[8.081s]     canonicalize_version(version, strip_trailing_zero=False),
[8.082s] TypeError: canonicalize_version() got an unexpected keyword argument 'strip_trailing_zero'
[8.221s] gmake[2]: *** [CMakeFiles/ament_cmake_python_build_px4_msgs_egg.dir/build.make:70: CMakeFiles/ament_cmake_python_build_px4_msgs_egg] Error 1
[8.224s] gmake[1]: *** [CMakeFiles/Makefile2:447: CMakeFiles/ament_cmake_python_build_px4_msgs_egg.dir/all] Error 2
[8.224s] gmake: *** [Makefile:146: all] Error 2
[8.234s] Invoked command in '/home/ubuntu/drone_ros2_ws/src/build/px4_msgs' returned '2': CMAKE_PREFIX_PATH=/home/ubuntu/drone_ros2_ws/install/drone_control:/home/ubuntu/drone_ros2_ws/install/charging_station:/home/ubuntu/drone_ros2_ws/install/aruco_detection:/opt/ros/humble /usr/bin/cmake --build /home/ubuntu/drone_ros2_ws/src/build/px4_msgs -- -j4 -l4
